<?xml version="1.0" encoding="UTF-8"?>
<!-- Generated by org.testng.reporters.JUnitReportReporter -->
<testsuite hostname="DESKTOP-RIAT3TB" failures="0" tests="22" name="runners.TestRunner" time="983.622" errors="0" timestamp="2025-03-22T13:05:25 IST" skipped="0">
  <testcase classname="runners.TestRunner" name="runScenario" time="29.119"/>
  <system-out/>
  <testcase classname="runners.TestRunner" name="runScenario" time="15.780"/>
  <system-out/>
  <testcase classname="runners.TestRunner" name="runScenario" time="56.396"/>
  <system-out/>
  <testcase classname="runners.TestRunner" name="runScenario" time="59.126"/>
  <system-out/>
  <testcase classname="runners.TestRunner" name="runScenario" time="33.271"/>
  <system-out/>
  <testcase classname="runners.TestRunner" name="runScenario" time="39.852"/>
  <system-out/>
  <testcase classname="runners.TestRunner" name="runScenario" time="40.934"/>
  <system-out/>
  <testcase classname="runners.TestRunner" name="runScenario" time="13.298"/>
  <system-out/>
  <testcase classname="runners.TestRunner" name="runScenario" time="57.833"/>
  <system-out/>
  <testcase classname="runners.TestRunner" name="runScenario" time="41.354"/>
  <system-out/>
  <testcase classname="runners.TestRunner" name="runScenario" time="39.339"/>
  <system-out/>
  <testcase classname="runners.TestRunner" name="runScenario" time="36.364"/>
  <system-out/>
  <testcase classname="runners.TestRunner" name="runScenario" time="39.855"/>
  <system-out/>
  <testcase classname="runners.TestRunner" name="runScenario" time="61.056"/>
  <system-out/>
  <testcase classname="runners.TestRunner" name="runScenario" time="55.117"/>
  <system-out/>
  <testcase classname="runners.TestRunner" name="runScenario" time="57.240"/>
  <system-out/>
  <testcase classname="runners.TestRunner" name="runScenario" time="60.314"/>
  <system-out/>
  <testcase classname="runners.TestRunner" name="runScenario" time="39.719"/>
  <system-out/>
  <testcase classname="runners.TestRunner" name="runScenario" time="39.740"/>
  <system-out/>
  <testcase classname="runners.TestRunner" name="runScenario" time="58.737"/>
  <system-out/>
  <testcase classname="runners.TestRunner" name="runScenario" time="60.841"/>
  <system-out/>
  <testcase classname="runners.TestRunner" name="runScenario" time="48.337"/>
  <system-out/>
</testsuite> <!-- runners.TestRunner -->
